Lade Projekte
Projekte geladen!
Geladene Projekte: 39
Lade schueler
Anzahl der Schueler mit korrekter Abgabe, und ohne Sonderprojekt: 859
Starting Thread 0
Starting Thread 1
Running Thread 0
0.0 % done!
Running Thread 1
2.985074626865672 % done!
5.970149253731344 % done!
8.955223880597014 % done!
11.940298507462687 % done!
14.925373134328359 % done!
17.91044776119403 % done!
20.895522388059703 % done!
23.880597014925375 % done!
26.865671641791046 % done!
29.850746268656717 % done!
32.83582089552239 % done!
35.82089552238806 % done!
38.80597014925373 % done!
41.791044776119406 % done!
44.776119402985074 % done!
47.76119402985075 % done!
50.74626865671642 % done!
53.73134328358209 % done!
56.71641791044776 % done!
59.701492537313435 % done!
62.6865671641791 % done!
65.67164179104478 % done!
68.65671641791045 % done!
71.64179104477611 % done!
74.6268656716418 % done!
77.61194029850746 % done!
80.59701492537313 % done!
83.58208955223881 % done!
86.56716417910448 % done!
89.55223880597015 % done!
92.53731343283582 % done!
95.5223880597015 % done!
98.50746268656717 % done!
Thread Thread 0 exiting.
Thread Thread 1 exiting.
-------------------------------------------------------------
Projekt Nr. 5c98af4f7789c Min. Teilnehmer: 8 Max.Teilnehmer: 16 Anzahl Teilnehmer: 16,Mittlere Klassenstufe: 11.25 Std: 0.4375
Schueler 1841544052(1) Wahl , Klasse:  11
Schueler 66725699(1) Wahl , Klasse:  12
Schueler 71760203(1) Wahl , Klasse:  11
Schueler -1216197536(1) Wahl , Klasse:  12
Schueler 958182385(1) Wahl , Klasse:  11
Schueler 2666638(1) Wahl , Klasse:  11
Schueler -1774875670(1) Wahl , Klasse:  12
Schueler 67290568(1) Wahl , Klasse:  10
Schueler -1967355195(1) Wahl , Klasse:  12
Schueler 1969553992(1) Wahl , Klasse:  11
Schueler 2092667(1) Wahl , Klasse:  12
Schueler 66036304(1) Wahl , Klasse:  12
Schueler 79316033(1) Wahl , Klasse:  11
Schueler 1498762576(1) Wahl , Klasse:  10
Schueler 1989572227(1) Wahl , Klasse:  11
Schueler 1700435667(1) Wahl , Klasse:  11

-------------------------------------------------------------
Projekt Nr. 5c98b2aa9717a Min. Teilnehmer: 10 Max.Teilnehmer: 30 Anzahl Teilnehmer: 30,Mittlere Klassenstufe: 5.6 Std: 0.2399999999999999
Schueler 71349732(3) Wahl , Klasse:  5
Schueler -1835784151(3) Wahl , Klasse:  6
Schueler 69914184(3) Wahl , Klasse:  6
Schueler 77120612(3) Wahl , Klasse:  5
Schueler -1537981199(1) Wahl , Klasse:  5
Schueler 73429487(1) Wahl , Klasse:  5
Schueler -546684715(1) Wahl , Klasse:  6
Schueler 72392692(1) Wahl , Klasse:  6
Schueler 960349351(2) Wahl , Klasse:  6
Schueler -172266050(2) Wahl , Klasse:  5
Schueler 2035756(1) Wahl , Klasse:  6
Schueler 85130(1) Wahl , Klasse:  6
Schueler 1500904806(1) Wahl , Klasse:  5
Schueler -1821830162(1) Wahl , Klasse:  6
Schueler 304221391(2) Wahl , Klasse:  6
Schueler -1247069866(1) Wahl , Klasse:  5
Schueler -1790850924(1) Wahl , Klasse:  5
Schueler -1815603966(1) Wahl , Klasse:  6
Schueler -1841784755(2) Wahl , Klasse:  6
Schueler -1997437619(1) Wahl , Klasse:  6
Schueler 762243045(3) Wahl , Klasse:  6
Schueler -1790149963(2) Wahl , Klasse:  6
Schueler -572384582(3) Wahl , Klasse:  6
Schueler -1796967066(1) Wahl , Klasse:  6
Schueler 271532444(1) Wahl , Klasse:  6
Schueler 72380207(2) Wahl , Klasse:  6
Schueler -1845259424(2) Wahl , Klasse:  5
Schueler 2097131205(3) Wahl , Klasse:  5
Schueler -2137006727(3) Wahl , Klasse:  5
Schueler -1819692060(3) Wahl , Klasse:  5

-------------------------------------------------------------
Projekt Nr. 5c98b383210ea Min. Teilnehmer: 10 Max.Teilnehmer: 30 Anzahl Teilnehmer: 10,Mittlere Klassenstufe: 7.8 Std: 0.5599999999999999
Schueler -922331968(1) Wahl , Klasse:  9
Schueler -1579454922(1) Wahl , Klasse:  9
Schueler 1972488074(2) Wahl , Klasse:  7
Schueler -546684719(2) Wahl , Klasse:  7
Schueler 73422795(2) Wahl , Klasse:  8
Schueler 2078161206(3) Wahl , Klasse:  8
Schueler 2057392(3) Wahl , Klasse:  7
Schueler -1781243805(3) Wahl , Klasse:  8
Schueler 66215291(4) Wahl , Klasse:  7
Schueler 1175426872(5) Wahl , Klasse:  8

-------------------------------------------------------------
Projekt Nr. 5c98b42dd9ca7 Min. Teilnehmer: 16 Max.Teilnehmer: 24 Anzahl Teilnehmer: 24,Mittlere Klassenstufe: 11.291666666666666 Std: 0.6232638888888892
Schueler 75033265(1) Wahl , Klasse:  12
Schueler 2016205921(1) Wahl , Klasse:  11
Schueler 917388559(1) Wahl , Klasse:  12
Schueler 868575979(1) Wahl , Klasse:  12
Schueler 74346157(1) Wahl , Klasse:  11
Schueler 1986132042(1) Wahl , Klasse:  12
Schueler 66675(1) Wahl , Klasse:  12
Schueler 73779092(1) Wahl , Klasse:  12
Schueler 1979511364(1) Wahl , Klasse:  11
Schueler 71760130(1) Wahl , Klasse:  12
Schueler -1707579189(1) Wahl , Klasse:  11
Schueler 72260819(2) Wahl , Klasse:  10
Schueler 2017526756(1) Wahl , Klasse:  12
Schueler 264375515(1) Wahl , Klasse:  12
Schueler 2084403462(1) Wahl , Klasse:  10
Schueler -572388893(2) Wahl , Klasse:  11
Schueler -2048737917(1) Wahl , Klasse:  10
Schueler 1956739671(1) Wahl , Klasse:  10
Schueler 1467790759(1) Wahl , Klasse:  11
Schueler 1331506790(1) Wahl , Klasse:  11
Schueler 65604(1) Wahl , Klasse:  10
Schueler -1908356869(1) Wahl , Klasse:  12
Schueler -1997228316(1) Wahl , Klasse:  12
Schueler -1675625367(2) Wahl , Klasse:  12

-------------------------------------------------------------
Projekt Nr. 5c98b55207aa1 Min. Teilnehmer: 3 Max.Teilnehmer: 15 Anzahl Teilnehmer: 15,Mittlere Klassenstufe: 6.466666666666667 Std: 1.5822222222222222
Schueler 74113578(1) Wahl , Klasse:  6
Schueler 2078771437(1) Wahl , Klasse:  5
Schueler 77120(1) Wahl , Klasse:  7
Schueler 1969748047(1) Wahl , Klasse:  8
Schueler 65070588(2) Wahl , Klasse:  6
Schueler -1990161122(1) Wahl , Klasse:  6
Schueler -2013021084(3) Wahl , Klasse:  9
Schueler 70496650(2) Wahl , Klasse:  8
Schueler 119255840(1) Wahl , Klasse:  5
Schueler 71464614(1) Wahl , Klasse:  5
Schueler 79674(1) Wahl , Klasse:  6
Schueler 951923324(2) Wahl , Klasse:  6
Schueler -1990375230(1) Wahl , Klasse:  5
Schueler -1997626639(1) Wahl , Klasse:  7
Schueler -42924892(2) Wahl , Klasse:  8

-------------------------------------------------------------
Projekt Nr. 5c98b64c1443f Min. Teilnehmer: 2 Max.Teilnehmer: 10 Anzahl Teilnehmer: 10,Mittlere Klassenstufe: 10.4 Std: 2.44
Schueler -757604132(1) Wahl , Klasse:  9
Schueler 63373149(1) Wahl , Klasse:  10
Schueler 79144430(1) Wahl , Klasse:  12
Schueler 1979511240(1) Wahl , Klasse:  10
Schueler 2099306(1) Wahl , Klasse:  8
Schueler 80691888(1) Wahl , Klasse:  11
Schueler 2169787(1) Wahl , Klasse:  8
Schueler -1652418756(1) Wahl , Klasse:  12
Schueler -680865611(1) Wahl , Klasse:  12
Schueler 1998508451(1) Wahl , Klasse:  12

-------------------------------------------------------------
Projekt Nr. 5c98b70ee3ba2 Min. Teilnehmer: 8 Max.Teilnehmer: 22 Anzahl Teilnehmer: 22,Mittlere Klassenstufe: 9.818181818181818 Std: 2.1487603305785123
Schueler -1898478739(2) Wahl , Klasse:  10
Schueler -520400627(2) Wahl , Klasse:  11
Schueler 817948030(2) Wahl , Klasse:  11
Schueler -1850715217(2) Wahl , Klasse:  8
Schueler 82343(3) Wahl , Klasse:  12
Schueler 1998035753(3) Wahl , Klasse:  10
Schueler 2330743(4) Wahl , Klasse:  8
Schueler -1955885759(1) Wahl , Klasse:  10
Schueler 69728831(1) Wahl , Klasse:  11
Schueler -1070323195(1) Wahl , Klasse:  9
Schueler -2095430140(1) Wahl , Klasse:  9
Schueler 1500193126(1) Wahl , Klasse:  12
Schueler 2330991(3) Wahl , Klasse:  8
Schueler -2008046532(1) Wahl , Klasse:  12
Schueler 64444998(1) Wahl , Klasse:  8
Schueler -1911483091(2) Wahl , Klasse:  8
Schueler 1969490364(1) Wahl , Klasse:  11
Schueler -2083811768(1) Wahl , Klasse:  11
Schueler 86311882(1) Wahl , Klasse:  8
Schueler 2605944(2) Wahl , Klasse:  10
Schueler -1825666036(1) Wahl , Klasse:  8
Schueler 2122512(1) Wahl , Klasse:  11

-------------------------------------------------------------
Projekt Nr. 5c98b847c626a Min. Teilnehmer: 5 Max.Teilnehmer: 25 Anzahl Teilnehmer: 25,Mittlere Klassenstufe: 7.12 Std: 1.7856
Schueler 80573596(1) Wahl , Klasse:  5
Schueler -1654395207(1) Wahl , Klasse:  5
Schueler -1703936886(1) Wahl , Klasse:  6
Schueler 2558458(1) Wahl , Klasse:  8
Schueler -1141971527(1) Wahl , Klasse:  9
Schueler -1978970394(1) Wahl , Klasse:  8
Schueler -2054487694(1) Wahl , Klasse:  9
Schueler 1839925593(1) Wahl , Klasse:  8
Schueler -888688213(1) Wahl , Klasse:  5
Schueler -1672499583(1) Wahl , Klasse:  9
Schueler 64458407(1) Wahl , Klasse:  6
Schueler -572397708(1) Wahl , Klasse:  8
Schueler 1936745692(1) Wahl , Klasse:  9
Schueler -2079628176(1) Wahl , Klasse:  6
Schueler 2040023000(2) Wahl , Klasse:  8
Schueler 65197999(1) Wahl , Klasse:  5
Schueler 2195214(1) Wahl , Klasse:  7
Schueler 720860096(2) Wahl , Klasse:  8
Schueler 2241694(1) Wahl , Klasse:  6
Schueler 63354593(2) Wahl , Klasse:  8
Schueler 84286(1) Wahl , Klasse:  8
Schueler 2043571787(1) Wahl , Klasse:  7
Schueler 78955090(1) Wahl , Klasse:  7
Schueler 700947612(2) Wahl , Klasse:  6
Schueler 83343311(1) Wahl , Klasse:  7

-------------------------------------------------------------
Projekt Nr. 5c98b970b7847 Min. Teilnehmer: 6 Max.Teilnehmer: 35 Anzahl Teilnehmer: 35,Mittlere Klassenstufe: 9.028571428571428 Std: 5.113469387755103
Schueler 76999812(3) Wahl , Klasse:  10
Schueler -1808631105(3) Wahl , Klasse:  11
Schueler 2451023(3) Wahl , Klasse:  8
Schueler 1727589922(3) Wahl , Klasse:  10
Schueler -1710407934(1) Wahl , Klasse:  6
Schueler 65111195(1) Wahl , Klasse:  11
Schueler 76287(2) Wahl , Klasse:  5
Schueler 2021012392(1) Wahl , Klasse:  12
Schueler 73424868(1) Wahl , Klasse:  12
Schueler 2129883(1) Wahl , Klasse:  5
Schueler -1568788916(1) Wahl , Klasse:  11
Schueler 2043078099(1) Wahl , Klasse:  11
Schueler -1997418522(2) Wahl , Klasse:  11
Schueler 74119520(2) Wahl , Klasse:  10
Schueler -1937788203(1) Wahl , Klasse:  11
Schueler 78846555(1) Wahl , Klasse:  9
Schueler 79136091(1) Wahl , Klasse:  11
Schueler 2049428(1) Wahl , Klasse:  11
Schueler 2047620225(2) Wahl , Klasse:  10
Schueler 2106299(1) Wahl , Klasse:  6
Schueler 74233069(2) Wahl , Klasse:  6
Schueler 2688789(2) Wahl , Klasse:  10
Schueler -1710096281(1) Wahl , Klasse:  8
Schueler 74113712(1) Wahl , Klasse:  7
Schueler -2054487818(2) Wahl , Klasse:  8
Schueler 2460394(1) Wahl , Klasse:  12
Schueler 1982630157(1) Wahl , Klasse:  9
Schueler 2553040(2) Wahl , Klasse:  5
Schueler 78202375(1) Wahl , Klasse:  8
Schueler -1790869364(1) Wahl , Klasse:  6
Schueler 65070879(2) Wahl , Klasse:  9
Schueler 64878843(1) Wahl , Klasse:  11
Schueler 1972506027(3) Wahl , Klasse:  12
Schueler 309645323(1) Wahl , Klasse:  6
Schueler 2092856(1) Wahl , Klasse:  8

-------------------------------------------------------------
Projekt Nr. 5c98baacedff8 Min. Teilnehmer: 6 Max.Teilnehmer: 20 Anzahl Teilnehmer: 20,Mittlere Klassenstufe: 9.4 Std: 5.340000000000001
Schueler -2051180882(1) Wahl , Klasse:  11
Schueler 2301258(2) Wahl , Klasse:  10
Schueler 74345238(1) Wahl , Klasse:  12
Schueler -709000989(1) Wahl , Klasse:  11
Schueler -787583049(1) Wahl , Klasse:  8
Schueler 2552989(1) Wahl , Klasse:  5
Schueler 839808671(1) Wahl , Klasse:  6
Schueler -1995356952(1) Wahl , Klasse:  11
Schueler 1903973948(1) Wahl , Klasse:  10
Schueler -1993919418(1) Wahl , Klasse:  11
Schueler 2162723(1) Wahl , Klasse:  11
Schueler 2165695(1) Wahl , Klasse:  11
Schueler 2011274490(2) Wahl , Klasse:  11
Schueler 63404253(1) Wahl , Klasse:  8
Schueler 284442259(1) Wahl , Klasse:  5
Schueler 721758206(1) Wahl , Klasse:  12
Schueler -2054628846(1) Wahl , Klasse:  8
Schueler 2035583412(1) Wahl , Klasse:  6
Schueler 70913775(2) Wahl , Klasse:  12
Schueler 105945846(1) Wahl , Klasse:  9

-------------------------------------------------------------
Projekt Nr. 5c98bbf60a74e Min. Teilnehmer: 6 Max.Teilnehmer: 30 Anzahl Teilnehmer: 30,Mittlere Klassenstufe: 6.866666666666666 Std: 2.3822222222222225
Schueler 2314444(1) Wahl , Klasse:  8
Schueler 74098261(1) Wahl , Klasse:  5
Schueler 2050481(1) Wahl , Klasse:  7
Schueler 2241676(2) Wahl , Klasse:  9
Schueler 2587246(2) Wahl , Klasse:  6
Schueler 1368613024(2) Wahl , Klasse:  8
Schueler -1662171201(1) Wahl , Klasse:  7
Schueler 68692075(1) Wahl , Klasse:  9
Schueler 66743178(1) Wahl , Klasse:  6
Schueler 730654391(3) Wahl , Klasse:  8
Schueler 2282007(1) Wahl , Klasse:  5
Schueler 1979511481(1) Wahl , Klasse:  5
Schueler 1989989301(1) Wahl , Klasse:  9
Schueler -2070704303(1) Wahl , Klasse:  8
Schueler -665504131(2) Wahl , Klasse:  9
Schueler 79651387(2) Wahl , Klasse:  9
Schueler 2043433(2) Wahl , Klasse:  9
Schueler 80980108(1) Wahl , Klasse:  5
Schueler -2004015002(1) Wahl , Klasse:  6
Schueler -765463711(1) Wahl , Klasse:  8
Schueler 71933255(1) Wahl , Klasse:  6
Schueler 926921445(1) Wahl , Klasse:  5
Schueler -2054487683(1) Wahl , Klasse:  6
Schueler 65372373(1) Wahl , Klasse:  6
Schueler 67949(1) Wahl , Klasse:  5
Schueler 67042725(2) Wahl , Klasse:  7
Schueler -1076827305(2) Wahl , Klasse:  9
Schueler 74232752(2) Wahl , Klasse:  5
Schueler 78029980(1) Wahl , Klasse:  5
Schueler -2018860665(2) Wahl , Klasse:  6

-------------------------------------------------------------
Projekt Nr. 5c98bcafc0613 Min. Teilnehmer: 4 Max.Teilnehmer: 25 Anzahl Teilnehmer: 12,Mittlere Klassenstufe: 9.75 Std: 3.1875
Schueler 2374418(1) Wahl , Klasse:  10
Schueler 1964338285(2) Wahl , Klasse:  7
Schueler 1678963325(2) Wahl , Klasse:  7
Schueler 2011271496(2) Wahl , Klasse:  11
Schueler 2100638097(3) Wahl , Klasse:  10
Schueler 2066391(3) Wahl , Klasse:  11
Schueler -1796938232(3) Wahl , Klasse:  10
Schueler 1965651104(3) Wahl , Klasse:  9
Schueler -576206727(3) Wahl , Klasse:  12
Schueler 64458779(3) Wahl , Klasse:  7
Schueler 1480403126(5) Wahl , Klasse:  11
Schueler -2083451003(4) Wahl , Klasse:  12

-------------------------------------------------------------
Projekt Nr. 5c98bd907d9c2 Min. Teilnehmer: 8 Max.Teilnehmer: 24 Anzahl Teilnehmer: 24,Mittlere Klassenstufe: 6.333333333333333 Std: 1.2222222222222225
Schueler -1825804941(2) Wahl , Klasse:  5
Schueler 2046748947(2) Wahl , Klasse:  6
Schueler -1968925905(2) Wahl , Klasse:  6
Schueler -1338847043(3) Wahl , Klasse:  7
Schueler -1968759539(3) Wahl , Klasse:  6
Schueler 65295618(3) Wahl , Klasse:  6
Schueler 2122520(3) Wahl , Klasse:  7
Schueler -827004058(1) Wahl , Klasse:  5
Schueler 76470970(2) Wahl , Klasse:  7
Schueler 2343596(1) Wahl , Klasse:  8
Schueler 2155186(2) Wahl , Klasse:  6
Schueler -1474105454(1) Wahl , Klasse:  8
Schueler 2587250(1) Wahl , Klasse:  6
Schueler -2122444804(2) Wahl , Klasse:  5
Schueler 67060324(2) Wahl , Klasse:  8
Schueler 80683976(2) Wahl , Klasse:  5
Schueler 2666686(2) Wahl , Klasse:  8
Schueler 2043550728(2) Wahl , Klasse:  5
Schueler 2562654(2) Wahl , Klasse:  5
Schueler -2100270820(2) Wahl , Klasse:  6
Schueler -1790639194(3) Wahl , Klasse:  7
Schueler 1964561255(4) Wahl , Klasse:  5
Schueler 72252193(2) Wahl , Klasse:  7
Schueler -2013144513(3) Wahl , Klasse:  8

-------------------------------------------------------------
Projekt Nr. 5c98be971f9de Min. Teilnehmer: 8 Max.Teilnehmer: 20 Anzahl Teilnehmer: 20,Mittlere Klassenstufe: 9.1 Std: 1.1900000000000008
Schueler -1955870000(1) Wahl , Klasse:  8
Schueler 254539589(1) Wahl , Klasse:  10
Schueler 75033249(1) Wahl , Klasse:  10
Schueler -1826142296(1) Wahl , Klasse:  9
Schueler 79882788(1) Wahl , Klasse:  10
Schueler -604068304(1) Wahl , Klasse:  7
Schueler 1057436174(1) Wahl , Klasse:  10
Schueler -902003468(1) Wahl , Klasse:  8
Schueler 2021010576(1) Wahl , Klasse:  10
Schueler -2022513304(1) Wahl , Klasse:  7
Schueler -2026184207(1) Wahl , Klasse:  8
Schueler 70793495(2) Wahl , Klasse:  8
Schueler 1963982560(2) Wahl , Klasse:  10
Schueler 755859706(2) Wahl , Klasse:  10
Schueler -1152881(2) Wahl , Klasse:  10
Schueler 1331572639(1) Wahl , Klasse:  10
Schueler -1806011762(1) Wahl , Klasse:  10
Schueler -2083531138(1) Wahl , Klasse:  10
Schueler 71343082(2) Wahl , Klasse:  9
Schueler 2078384719(1) Wahl , Klasse:  8

-------------------------------------------------------------
Projekt Nr. 5c98bff040b99 Min. Teilnehmer: 6 Max.Teilnehmer: 18 Anzahl Teilnehmer: 18,Mittlere Klassenstufe: 10.666666666666666 Std: 0.8888888888888885
Schueler 79144348(1) Wahl , Klasse:  11
Schueler -2008003046(1) Wahl , Klasse:  9
Schueler -1947143883(1) Wahl , Klasse:  10
Schueler -1819704513(1) Wahl , Klasse:  12
Schueler 1493755232(1) Wahl , Klasse:  9
Schueler -1652414912(1) Wahl , Klasse:  12
Schueler 77349(1) Wahl , Klasse:  12
Schueler 2300948(1) Wahl , Klasse:  10
Schueler 63350860(1) Wahl , Klasse:  11
Schueler 2049480(1) Wahl , Klasse:  10
Schueler 81087596(1) Wahl , Klasse:  11
Schueler 75268872(1) Wahl , Klasse:  11
Schueler 73607590(1) Wahl , Klasse:  11
Schueler -1361299414(1) Wahl , Klasse:  10
Schueler -98228059(1) Wahl , Klasse:  10
Schueler -1937789199(1) Wahl , Klasse:  11
Schueler -1925140697(1) Wahl , Klasse:  10
Schueler 65913736(1) Wahl , Klasse:  12

-------------------------------------------------------------
Projekt Nr. 5c98c108cd4e3 Min. Teilnehmer: 4 Max.Teilnehmer: 20 Anzahl Teilnehmer: 8,Mittlere Klassenstufe: 11.0 Std: 2.0
Schueler 82659741(2) Wahl , Klasse:  10
Schueler -907417893(2) Wahl , Klasse:  12
Schueler 1433573172(3) Wahl , Klasse:  12
Schueler -162341938(3) Wahl , Klasse:  12
Schueler 2136123780(4) Wahl , Klasse:  12
Schueler 1965724357(4) Wahl , Klasse:  8
Schueler -1789824335(4) Wahl , Klasse:  10
Schueler 1995051849(5) Wahl , Klasse:  12

-------------------------------------------------------------
Projekt Nr. 5c98c3d5e7f8d Min. Teilnehmer: 6 Max.Teilnehmer: 18 Anzahl Teilnehmer: 18,Mittlere Klassenstufe: 6.444444444444445 Std: 1.0246913580246917
Schueler 2888431(3) Wahl , Klasse:  8
Schueler 64550728(3) Wahl , Klasse:  8
Schueler -163389949(3) Wahl , Klasse:  6
Schueler 66037665(1) Wahl , Klasse:  7
Schueler 68587(1) Wahl , Klasse:  5
Schueler 68576357(1) Wahl , Klasse:  7
Schueler 2360974(2) Wahl , Klasse:  7
Schueler 82421413(1) Wahl , Klasse:  6
Schueler -2050991452(1) Wahl , Klasse:  6
Schueler -2137372574(1) Wahl , Klasse:  6
Schueler 2047076740(1) Wahl , Klasse:  8
Schueler 65807021(2) Wahl , Klasse:  8
Schueler 2192720(1) Wahl , Klasse:  6
Schueler 2453331(2) Wahl , Klasse:  6
Schueler 927100253(1) Wahl , Klasse:  5
Schueler -1791037402(2) Wahl , Klasse:  6
Schueler -1824113880(2) Wahl , Klasse:  5
Schueler 64452582(2) Wahl , Klasse:  6

-------------------------------------------------------------
Projekt Nr. 5c98c51ca4e5e Min. Teilnehmer: 4 Max.Teilnehmer: 25 Anzahl Teilnehmer: 25,Mittlere Klassenstufe: 10.84 Std: 1.0144000000000004
Schueler -542059121(1) Wahl , Klasse:  10
Schueler 728850612(1) Wahl , Klasse:  10
Schueler 2331259(1) Wahl , Klasse:  11
Schueler -1791182509(1) Wahl , Klasse:  9
Schueler -1997444444(1) Wahl , Klasse:  11
Schueler 65910(1) Wahl , Klasse:  11
Schueler 75023817(1) Wahl , Klasse:  10
Schueler -792522513(1) Wahl , Klasse:  11
Schueler 1175330928(1) Wahl , Klasse:  11
Schueler 2338814(2) Wahl , Klasse:  9
Schueler 259151849(1) Wahl , Klasse:  11
Schueler 69606529(1) Wahl , Klasse:  12
Schueler 74353373(1) Wahl , Klasse:  12
Schueler -2096138123(2) Wahl , Klasse:  11
Schueler 69496871(1) Wahl , Klasse:  9
Schueler 67070941(1) Wahl , Klasse:  12
Schueler 2115424982(2) Wahl , Klasse:  12
Schueler -1433424937(1) Wahl , Klasse:  9
Schueler 2144262244(1) Wahl , Klasse:  11
Schueler -1710937045(1) Wahl , Klasse:  11
Schueler 63402462(1) Wahl , Klasse:  12
Schueler 73424582(1) Wahl , Klasse:  12
Schueler -1819702945(1) Wahl , Klasse:  12
Schueler 1175450092(2) Wahl , Klasse:  11
Schueler 1965725287(1) Wahl , Klasse:  11

-------------------------------------------------------------
Projekt Nr. 5c98c5dbe97e5 Min. Teilnehmer: 6 Max.Teilnehmer: 30 Anzahl Teilnehmer: 30,Mittlere Klassenstufe: 6.566666666666666 Std: 1.6455555555555554
Schueler 1060301627(3) Wahl , Klasse:  7
Schueler 79658919(1) Wahl , Klasse:  5
Schueler -1841335706(1) Wahl , Klasse:  8
Schueler 73607303(1) Wahl , Klasse:  7
Schueler 69611768(1) Wahl , Klasse:  7
Schueler -1375806835(1) Wahl , Klasse:  5
Schueler 2024159578(1) Wahl , Klasse:  7
Schueler 75187(1) Wahl , Klasse:  5
Schueler 2122647(1) Wahl , Klasse:  7
Schueler -678901176(1) Wahl , Klasse:  6
Schueler 64880455(1) Wahl , Klasse:  6
Schueler -1676334159(1) Wahl , Klasse:  6
Schueler -102374941(1) Wahl , Klasse:  9
Schueler 65921227(1) Wahl , Klasse:  5
Schueler 80068285(1) Wahl , Klasse:  5
Schueler 2283706(1) Wahl , Klasse:  6
Schueler -1793851164(2) Wahl , Klasse:  8
Schueler -1808509297(2) Wahl , Klasse:  7
Schueler -1662458540(1) Wahl , Klasse:  7
Schueler 2010962050(2) Wahl , Klasse:  6
Schueler 947636645(1) Wahl , Klasse:  8
Schueler 79641922(1) Wahl , Klasse:  7
Schueler 624224055(1) Wahl , Klasse:  6
Schueler 2017202051(1) Wahl , Klasse:  5
Schueler 73607183(2) Wahl , Klasse:  5
Schueler 2043056833(1) Wahl , Klasse:  5
Schueler 63348632(2) Wahl , Klasse:  8
Schueler 86232766(3) Wahl , Klasse:  9
Schueler 83343053(2) Wahl , Klasse:  6
Schueler 65805918(3) Wahl , Klasse:  9

-------------------------------------------------------------
Projekt Nr. 5c98c657c12ed Min. Teilnehmer: 4 Max.Teilnehmer: 28 Anzahl Teilnehmer: 4,Mittlere Klassenstufe: 11.0 Std: 1.5
Schueler -1796825021(1) Wahl , Klasse:  12
Schueler -1354901252(1) Wahl , Klasse:  11
Schueler 234927619(4) Wahl , Klasse:  12
Schueler -1367367419(4) Wahl , Klasse:  9

-------------------------------------------------------------
Projekt Nr. 5c98c70931cf4 Min. Teilnehmer: 6 Max.Teilnehmer: 30 Anzahl Teilnehmer: 29,Mittlere Klassenstufe: 5.862068965517241 Std: 0.6016646848989301
Schueler 2001079137(1) Wahl , Klasse:  5
Schueler 408385061(1) Wahl , Klasse:  6
Schueler 1945261024(1) Wahl , Klasse:  6
Schueler 2043075216(2) Wahl , Klasse:  5
Schueler 76886569(2) Wahl , Klasse:  5
Schueler -2122034563(2) Wahl , Klasse:  5
Schueler 1619383214(2) Wahl , Klasse:  7
Schueler 2662722(2) Wahl , Klasse:  6
Schueler 73422884(2) Wahl , Klasse:  7
Schueler 73270(2) Wahl , Klasse:  5
Schueler -2127665032(3) Wahl , Klasse:  7
Schueler -1205013205(3) Wahl , Klasse:  5
Schueler 2603144(3) Wahl , Klasse:  7
Schueler -2079625666(3) Wahl , Klasse:  5
Schueler 1618374966(3) Wahl , Klasse:  6
Schueler -900517483(3) Wahl , Klasse:  5
Schueler -1710318696(3) Wahl , Klasse:  6
Schueler 79847231(3) Wahl , Klasse:  6
Schueler 74346206(4) Wahl , Klasse:  7
Schueler 438212483(3) Wahl , Klasse:  5
Schueler 1028982894(4) Wahl , Klasse:  7
Schueler -1965293325(4) Wahl , Klasse:  5
Schueler 2016108410(3) Wahl , Klasse:  6
Schueler 73780287(4) Wahl , Klasse:  5
Schueler -1850530705(4) Wahl , Klasse:  6
Schueler 71756572(4) Wahl , Klasse:  6
Schueler -1575968877(2) Wahl , Klasse:  6
Schueler 89719(3) Wahl , Klasse:  6
Schueler 2052804070(5) Wahl , Klasse:  7

-------------------------------------------------------------
Projekt Nr. 5c98c7925a1fc Min. Teilnehmer: 6 Max.Teilnehmer: 35 Anzahl Teilnehmer: 35,Mittlere Klassenstufe: 9.428571428571429 Std: 4.987755102040816
Schueler 65796295(2) Wahl , Klasse:  11
Schueler 664023648(2) Wahl , Klasse:  8
Schueler 589168460(2) Wahl , Klasse:  7
Schueler 80583381(3) Wahl , Klasse:  11
Schueler -2083116721(3) Wahl , Klasse:  11
Schueler 2096645647(3) Wahl , Klasse:  11
Schueler -2013264328(3) Wahl , Klasse:  7
Schueler 2106323(3) Wahl , Klasse:  9
Schueler 76125973(3) Wahl , Klasse:  8
Schueler 2096565(4) Wahl , Klasse:  12
Schueler 64468011(4) Wahl , Klasse:  12
Schueler 69611283(4) Wahl , Klasse:  10
Schueler 80703331(1) Wahl , Klasse:  12
Schueler 42715996(1) Wahl , Klasse:  11
Schueler 73293224(1) Wahl , Klasse:  5
Schueler 1430395277(2) Wahl , Klasse:  12
Schueler 2666562(3) Wahl , Klasse:  12
Schueler 1119162549(1) Wahl , Klasse:  6
Schueler -1808616601(2) Wahl , Klasse:  8
Schueler 2171647(1) Wahl , Klasse:  10
Schueler 65801899(1) Wahl , Klasse:  10
Schueler -105753644(1) Wahl , Klasse:  9
Schueler -2008046408(2) Wahl , Klasse:  11
Schueler 238223049(2) Wahl , Klasse:  11
Schueler -611739947(1) Wahl , Klasse:  10
Schueler 63524509(3) Wahl , Klasse:  5
Schueler 76458789(1) Wahl , Klasse:  11
Schueler -1790953421(1) Wahl , Klasse:  9
Schueler 65802075(2) Wahl , Klasse:  7
Schueler -1819579479(3) Wahl , Klasse:  12
Schueler 71463630(2) Wahl , Klasse:  11
Schueler -1933588508(1) Wahl , Klasse:  6
Schueler -1675381448(2) Wahl , Klasse:  6
Schueler -1808493921(4) Wahl , Klasse:  12
Schueler 85613918(2) Wahl , Klasse:  7

-------------------------------------------------------------
Projekt Nr. 5c98c855ca7b5 Min. Teilnehmer: 6 Max.Teilnehmer: 20 Anzahl Teilnehmer: 20,Mittlere Klassenstufe: 6.75 Std: 1.1875
Schueler 2112737827(1) Wahl , Klasse:  6
Schueler 2073554311(1) Wahl , Klasse:  8
Schueler -1905353822(1) Wahl , Klasse:  6
Schueler -1625385428(1) Wahl , Klasse:  8
Schueler 72377422(1) Wahl , Klasse:  7
Schueler 2106132(1) Wahl , Klasse:  6
Schueler 2125748205(2) Wahl , Klasse:  5
Schueler 82540763(2) Wahl , Klasse:  7
Schueler 76461373(2) Wahl , Klasse:  6
Schueler 2021010501(1) Wahl , Klasse:  5
Schueler 2049490(1) Wahl , Klasse:  8
Schueler -2080135553(1) Wahl , Klasse:  6
Schueler -1675565852(1) Wahl , Klasse:  5
Schueler -2083116975(1) Wahl , Klasse:  8
Schueler -2083116969(1) Wahl , Klasse:  7
Schueler 63558019(3) Wahl , Klasse:  8
Schueler 63955991(1) Wahl , Klasse:  8
Schueler 2164845(2) Wahl , Klasse:  7
Schueler 82658094(2) Wahl , Klasse:  8
Schueler 71349759(2) Wahl , Klasse:  6

-------------------------------------------------------------
Projekt Nr. 5c98c92c02e6c Min. Teilnehmer: 6 Max.Teilnehmer: 35 Anzahl Teilnehmer: 35,Mittlere Klassenstufe: 9.085714285714285 Std: 5.449795918367345
Schueler 2126232(3) Wahl , Klasse:  10
Schueler 1703633809(3) Wahl , Klasse:  8
Schueler 65087095(1) Wahl , Klasse:  5
Schueler 1222309150(1) Wahl , Klasse:  9
Schueler -2127515613(2) Wahl , Klasse:  10
Schueler -2047466624(1) Wahl , Klasse:  10
Schueler -1832316718(2) Wahl , Klasse:  10
Schueler 74110023(1) Wahl , Klasse:  6
Schueler -2089245651(1) Wahl , Klasse:  7
Schueler 2057920365(1) Wahl , Klasse:  11
Schueler 274311443(1) Wahl , Klasse:  9
Schueler -1928564064(2) Wahl , Klasse:  11
Schueler -166888990(1) Wahl , Klasse:  5
Schueler 1173898377(1) Wahl , Klasse:  11
Schueler 2045632(2) Wahl , Klasse:  8
Schueler 63031697(2) Wahl , Klasse:  11
Schueler 2068551895(1) Wahl , Klasse:  6
Schueler 1613998932(1) Wahl , Klasse:  6
Schueler -1994257661(2) Wahl , Klasse:  12
Schueler 1346382288(2) Wahl , Klasse:  11
Schueler 2379998(2) Wahl , Klasse:  10
Schueler -1473726998(1) Wahl , Klasse:  12
Schueler -1925148629(3) Wahl , Klasse:  12
Schueler -1703928999(2) Wahl , Klasse:  8
Schueler 1969400992(2) Wahl , Klasse:  11
Schueler 2588535(1) Wahl , Klasse:  5
Schueler -1891246364(1) Wahl , Klasse:  7
Schueler 76713259(1) Wahl , Klasse:  9
Schueler 1197913436(2) Wahl , Klasse:  12
Schueler 76897(1) Wahl , Klasse:  5
Schueler 65197504(2) Wahl , Klasse:  12
Schueler 2023998139(2) Wahl , Klasse:  12
Schueler 310172850(2) Wahl , Klasse:  8
Schueler 69482580(3) Wahl , Klasse:  11
Schueler 1989492274(2) Wahl , Klasse:  8

-------------------------------------------------------------
Projekt Nr. 5c98ca3e6d3ac Min. Teilnehmer: 6 Max.Teilnehmer: 14 Anzahl Teilnehmer: 14,Mittlere Klassenstufe: 10.785714285714286 Std: 0.8826530612244898
Schueler 74121442(1) Wahl , Klasse:  10
Schueler -1776647955(1) Wahl , Klasse:  12
Schueler 85791710(1) Wahl , Klasse:  10
Schueler 2428025(1) Wahl , Klasse:  11
Schueler 720859600(1) Wahl , Klasse:  12
Schueler 2260915(1) Wahl , Klasse:  10
Schueler 1618385537(1) Wahl , Klasse:  12
Schueler 2020898750(1) Wahl , Klasse:  11
Schueler -151169904(1) Wahl , Klasse:  11
Schueler -2048737909(1) Wahl , Klasse:  11
Schueler 1414472206(1) Wahl , Klasse:  10
Schueler 2043285679(1) Wahl , Klasse:  9
Schueler 268882280(1) Wahl , Klasse:  12
Schueler -1528593728(1) Wahl , Klasse:  10

-------------------------------------------------------------
Projekt Nr. 5c98cabb39e37 Min. Teilnehmer: 8 Max.Teilnehmer: 20 Anzahl Teilnehmer: 20,Mittlere Klassenstufe: 5.7 Std: 0.71
Schueler -1252493798(3) Wahl , Klasse:  7
Schueler 2360554(1) Wahl , Klasse:  6
Schueler 2434124(1) Wahl , Klasse:  7
Schueler 2558999(1) Wahl , Klasse:  5
Schueler -674602667(1) Wahl , Klasse:  6
Schueler 80204406(1) Wahl , Klasse:  7
Schueler 66215632(3) Wahl , Klasse:  5
Schueler 66863009(1) Wahl , Klasse:  5
Schueler -2083125503(1) Wahl , Klasse:  5
Schueler 2119(2) Wahl , Klasse:  7
Schueler 2079432623(2) Wahl , Klasse:  5
Schueler -572564302(1) Wahl , Klasse:  5
Schueler -228778846(3) Wahl , Klasse:  5
Schueler 64274399(1) Wahl , Klasse:  5
Schueler 2291252(1) Wahl , Klasse:  6
Schueler 1830491095(1) Wahl , Klasse:  6
Schueler 2039803852(3) Wahl , Klasse:  7
Schueler -2038780658(1) Wahl , Klasse:  5
Schueler 63534105(1) Wahl , Klasse:  5
Schueler -1647674558(3) Wahl , Klasse:  5

-------------------------------------------------------------
Projekt Nr. 5c98cb36a6a49 Min. Teilnehmer: 4 Max.Teilnehmer: 20 Anzahl Teilnehmer: 20,Mittlere Klassenstufe: 5.85 Std: 0.6275000000000002
Schueler -1790473665(2) Wahl , Klasse:  7
Schueler 1235314187(2) Wahl , Klasse:  5
Schueler 2125962998(2) Wahl , Klasse:  5
Schueler 2024049913(3) Wahl , Klasse:  5
Schueler 79646401(3) Wahl , Klasse:  7
Schueler -1791059319(3) Wahl , Klasse:  6
Schueler -2054696220(3) Wahl , Klasse:  7
Schueler -74087495(1) Wahl , Klasse:  6
Schueler 1964373997(2) Wahl , Klasse:  5
Schueler 2043441(1) Wahl , Klasse:  6
Schueler 261364121(1) Wahl , Klasse:  6
Schueler 71349763(1) Wahl , Klasse:  6
Schueler 1986370175(2) Wahl , Klasse:  5
Schueler 79651373(1) Wahl , Klasse:  6
Schueler 2052666774(2) Wahl , Klasse:  5
Schueler -1531042510(1) Wahl , Klasse:  6
Schueler 63402940(1) Wahl , Klasse:  7
Schueler -758149460(2) Wahl , Klasse:  7
Schueler 2546943(3) Wahl , Klasse:  5
Schueler 2162812(2) Wahl , Klasse:  5

-------------------------------------------------------------
Projekt Nr. 5c98cc059c466 Min. Teilnehmer: 10 Max.Teilnehmer: 30 Anzahl Teilnehmer: 30,Mittlere Klassenstufe: 5.9 Std: 0.6900000000000003
Schueler -1819204496(3) Wahl , Klasse:  7
Schueler -1818689996(1) Wahl , Klasse:  7
Schueler -2070581561(2) Wahl , Klasse:  6
Schueler -2081752635(1) Wahl , Klasse:  5
Schueler 71336647(1) Wahl , Klasse:  6
Schueler -2070900498(1) Wahl , Klasse:  5
Schueler 63366236(2) Wahl , Klasse:  7
Schueler 2043409130(2) Wahl , Klasse:  5
Schueler -2070783167(1) Wahl , Klasse:  5
Schueler -2039257306(1) Wahl , Klasse:  5
Schueler 63363047(1) Wahl , Klasse:  5
Schueler 2797072(1) Wahl , Klasse:  6
Schueler 402568373(1) Wahl , Klasse:  5
Schueler 2460386(1) Wahl , Klasse:  5
Schueler 2135399186(2) Wahl , Klasse:  7
Schueler 2099188(1) Wahl , Klasse:  7
Schueler 2615726(2) Wahl , Klasse:  7
Schueler 2599044(1) Wahl , Klasse:  5
Schueler -572389201(2) Wahl , Klasse:  6
Schueler -1404858369(1) Wahl , Klasse:  6
Schueler 72273528(2) Wahl , Klasse:  6
Schueler 527239824(2) Wahl , Klasse:  6
Schueler -1597529212(1) Wahl , Klasse:  5
Schueler 2320171(3) Wahl , Klasse:  7
Schueler 64077159(1) Wahl , Klasse:  5
Schueler 78927759(1) Wahl , Klasse:  5
Schueler 696546630(2) Wahl , Klasse:  6
Schueler 80356569(1) Wahl , Klasse:  7
Schueler -1984687266(2) Wahl , Klasse:  7
Schueler 2662731(1) Wahl , Klasse:  6

-------------------------------------------------------------
Projekt Nr. 5c98cc9ec9356 Min. Teilnehmer: 8 Max.Teilnehmer: 30 Anzahl Teilnehmer: 30,Mittlere Klassenstufe: 10.333333333333334 Std: 1.888888888888889
Schueler -2039257314(1) Wahl , Klasse:  12
Schueler 1725255428(1) Wahl , Klasse:  10
Schueler -1681969943(1) Wahl , Klasse:  9
Schueler -2051276028(1) Wahl , Klasse:  10
Schueler 72270751(1) Wahl , Klasse:  11
Schueler 1964353971(1) Wahl , Klasse:  11
Schueler 2044720(1) Wahl , Klasse:  10
Schueler -1369063043(1) Wahl , Klasse:  9
Schueler 1841510623(1) Wahl , Klasse:  8
Schueler -1781711564(1) Wahl , Klasse:  11
Schueler 2043455380(1) Wahl , Klasse:  12
Schueler -43872404(1) Wahl , Klasse:  12
Schueler 2546672(1) Wahl , Klasse:  8
Schueler 63409950(2) Wahl , Klasse:  12
Schueler 71446169(2) Wahl , Klasse:  12
Schueler 753604474(2) Wahl , Klasse:  10
Schueler 1468254897(2) Wahl , Klasse:  12
Schueler -1112225440(1) Wahl , Klasse:  10
Schueler 73643(1) Wahl , Klasse:  9
Schueler 70832(1) Wahl , Klasse:  9
Schueler 79311688(1) Wahl , Klasse:  12
Schueler 315102102(2) Wahl , Klasse:  10
Schueler 71337620(2) Wahl , Klasse:  11
Schueler 81087580(2) Wahl , Klasse:  12
Schueler 72975685(1) Wahl , Klasse:  9
Schueler 2390604(1) Wahl , Klasse:  8
Schueler 2433876(2) Wahl , Klasse:  9
Schueler 2043449926(1) Wahl , Klasse:  9
Schueler -1244572014(2) Wahl , Klasse:  12
Schueler 76471101(2) Wahl , Klasse:  11

-------------------------------------------------------------
Projekt Nr. 5c98cd8f9f989 Min. Teilnehmer: 5 Max.Teilnehmer: 25 Anzahl Teilnehmer: 25,Mittlere Klassenstufe: 10.08 Std: 2.4736000000000002
Schueler 76875606(1) Wahl , Klasse:  10
Schueler 2154053(1) Wahl , Klasse:  10
Schueler 2443424(1) Wahl , Klasse:  7
Schueler 840925716(1) Wahl , Klasse:  10
Schueler -1911709798(1) Wahl , Klasse:  10
Schueler 2122636(1) Wahl , Klasse:  7
Schueler -2076106047(1) Wahl , Klasse:  8
Schueler 2043383808(1) Wahl , Klasse:  11
Schueler -1192475182(1) Wahl , Klasse:  11
Schueler -568701078(1) Wahl , Klasse:  11
Schueler 68908(1) Wahl , Klasse:  12
Schueler -1088732554(1) Wahl , Klasse:  12
Schueler 2024169071(1) Wahl , Klasse:  10
Schueler 1895910115(1) Wahl , Klasse:  8
Schueler -228909015(1) Wahl , Klasse:  12
Schueler 2122525(1) Wahl , Klasse:  12
Schueler 63380620(1) Wahl , Klasse:  12
Schueler -254065157(1) Wahl , Klasse:  11
Schueler -1221180579(1) Wahl , Klasse:  12
Schueler -901997268(1) Wahl , Klasse:  8
Schueler -481327582(1) Wahl , Klasse:  11
Schueler 2612770(1) Wahl , Klasse:  9
Schueler 290884534(1) Wahl , Klasse:  9
Schueler 69606513(1) Wahl , Klasse:  10
Schueler -1559823038(2) Wahl , Klasse:  9

-------------------------------------------------------------
Projekt Nr. 5c98ceb21ca28 Min. Teilnehmer: 8 Max.Teilnehmer: 30 Anzahl Teilnehmer: 30,Mittlere Klassenstufe: 7.433333333333334 Std: 2.1788888888888875
Schueler 75034520(1) Wahl , Klasse:  7
Schueler 76268(1) Wahl , Klasse:  7
Schueler 2020896084(1) Wahl , Klasse:  8
Schueler -1822154146(1) Wahl , Klasse:  8
Schueler -1891372831(1) Wahl , Klasse:  9
Schueler 89661676(1) Wahl , Klasse:  9
Schueler 1547371279(2) Wahl , Klasse:  9
Schueler 2011245549(1) Wahl , Klasse:  5
Schueler 65189921(2) Wahl , Klasse:  9
Schueler 1617958388(1) Wahl , Klasse:  7
Schueler 2099048(1) Wahl , Klasse:  8
Schueler 730673611(1) Wahl , Klasse:  6
Schueler -1246952686(1) Wahl , Klasse:  9
Schueler -2051119378(1) Wahl , Klasse:  6
Schueler -1078927094(1) Wahl , Klasse:  8
Schueler 2364940(1) Wahl , Klasse:  9
Schueler 840925712(1) Wahl , Klasse:  5
Schueler 64452635(1) Wahl , Klasse:  8
Schueler -1818420657(1) Wahl , Klasse:  5
Schueler -660915215(1) Wahl , Klasse:  7
Schueler 2000691713(1) Wahl , Klasse:  6
Schueler 65189691(1) Wahl , Klasse:  9
Schueler 2599292(2) Wahl , Klasse:  5
Schueler 73607462(2) Wahl , Klasse:  9
Schueler -2026328392(1) Wahl , Klasse:  6
Schueler -1908436701(2) Wahl , Klasse:  8
Schueler 1964353860(2) Wahl , Klasse:  9
Schueler -2083139599(2) Wahl , Klasse:  8
Schueler 2039873392(1) Wahl , Klasse:  9
Schueler 2024177846(2) Wahl , Klasse:  5

-------------------------------------------------------------
Projekt Nr. 5c98cf446f037 Min. Teilnehmer: 10 Max.Teilnehmer: 30 Anzahl Teilnehmer: 27,Mittlere Klassenstufe: 7.962962962962963 Std: 0.5541838134430727
Schueler 79133842(1) Wahl , Klasse:  8
Schueler 2017315650(1) Wahl , Klasse:  7
Schueler 2043539826(1) Wahl , Klasse:  7
Schueler 2126356(1) Wahl , Klasse:  9
Schueler -2083626176(1) Wahl , Klasse:  8
Schueler 2168609(1) Wahl , Klasse:  7
Schueler -1205013639(2) Wahl , Klasse:  7
Schueler -1971640944(2) Wahl , Klasse:  9
Schueler -865550851(3) Wahl , Klasse:  8
Schueler 72754(3) Wahl , Klasse:  8
Schueler 65289748(3) Wahl , Klasse:  8
Schueler 2598939(3) Wahl , Klasse:  7
Schueler -1736089059(3) Wahl , Klasse:  8
Schueler 1473649007(3) Wahl , Klasse:  8
Schueler -1248446794(3) Wahl , Klasse:  8
Schueler 1966055357(3) Wahl , Klasse:  7
Schueler 871826606(4) Wahl , Klasse:  8
Schueler -2074884605(3) Wahl , Klasse:  8
Schueler 2413433(4) Wahl , Klasse:  9
Schueler -303674281(4) Wahl , Klasse:  8
Schueler 72253267(4) Wahl , Klasse:  7
Schueler -1819592120(4) Wahl , Klasse:  9
Schueler 2132720756(4) Wahl , Klasse:  8
Schueler -1796645233(4) Wahl , Klasse:  9
Schueler -975259340(2) Wahl , Klasse:  9
Schueler 75438973(4) Wahl , Klasse:  9
Schueler 73660(4) Wahl , Klasse:  7

-------------------------------------------------------------
Projekt Nr. 5c98cfad65080 Min. Teilnehmer: 10 Max.Teilnehmer: 30 Anzahl Teilnehmer: 30,Mittlere Klassenstufe: 9.966666666666667 Std: 5.632222222222222
Schueler -575880833(1) Wahl , Klasse:  12
Schueler -967128854(1) Wahl , Klasse:  11
Schueler 73412375(1) Wahl , Klasse:  5
Schueler 72373534(1) Wahl , Klasse:  11
Schueler 74102944(1) Wahl , Klasse:  9
Schueler 74345114(1) Wahl , Klasse:  12
Schueler 1201615770(1) Wahl , Klasse:  5
Schueler -2127770281(1) Wahl , Klasse:  12
Schueler 1098294875(1) Wahl , Klasse:  5
Schueler 63599453(1) Wahl , Klasse:  11
Schueler 2368528(1) Wahl , Klasse:  9
Schueler 2039688143(1) Wahl , Klasse:  11
Schueler 2552772(1) Wahl , Klasse:  10
Schueler 2052924(1) Wahl , Klasse:  11
Schueler 2044527(1) Wahl , Klasse:  11
Schueler -2083106925(1) Wahl , Klasse:  8
Schueler -1711079800(1) Wahl , Klasse:  12
Schueler 79882792(1) Wahl , Klasse:  12
Schueler 2024160694(1) Wahl , Klasse:  11
Schueler 71576858(1) Wahl , Klasse:  12
Schueler 65808943(1) Wahl , Klasse:  10
Schueler 80578407(1) Wahl , Klasse:  12
Schueler 813416159(2) Wahl , Klasse:  10
Schueler 1618459689(1) Wahl , Klasse:  12
Schueler 1990023133(2) Wahl , Klasse:  12
Schueler -1937796236(2) Wahl , Klasse:  5
Schueler 1965651118(1) Wahl , Klasse:  10
Schueler -2083484510(2) Wahl , Klasse:  6
Schueler 75264915(1) Wahl , Klasse:  10
Schueler 2424414(1) Wahl , Klasse:  12

-------------------------------------------------------------
Projekt Nr. 5c98cfe6b4972 Min. Teilnehmer: 10 Max.Teilnehmer: 22 Anzahl Teilnehmer: 22,Mittlere Klassenstufe: 9.0 Std: 6.090909090909091
Schueler -1803667544(3) Wahl , Klasse:  11
Schueler -1990220509(3) Wahl , Klasse:  6
Schueler -1791033558(3) Wahl , Klasse:  10
Schueler 70929970(1) Wahl , Klasse:  10
Schueler -90498844(1) Wahl , Klasse:  5
Schueler 670605705(1) Wahl , Klasse:  6
Schueler -842720956(1) Wahl , Klasse:  12
Schueler -4488509(1) Wahl , Klasse:  12
Schueler -1736081176(1) Wahl , Klasse:  11
Schueler 2129449382(1) Wahl , Klasse:  7
Schueler -1997550056(1) Wahl , Klasse:  11
Schueler 2043555(2) Wahl , Klasse:  9
Schueler 2172333(2) Wahl , Klasse:  10
Schueler 74676(3) Wahl , Klasse:  9
Schueler 67044839(2) Wahl , Klasse:  11
Schueler 76785(3) Wahl , Klasse:  12
Schueler 715796857(1) Wahl , Klasse:  5
Schueler 73305704(1) Wahl , Klasse:  12
Schueler 2281642(2) Wahl , Klasse:  6
Schueler -1984770022(1) Wahl , Klasse:  9
Schueler 65801950(1) Wahl , Klasse:  9
Schueler 73310354(1) Wahl , Klasse:  5

-------------------------------------------------------------
Projekt Nr. 5c98d03a167ff Min. Teilnehmer: 10 Max.Teilnehmer: 25 Anzahl Teilnehmer: 25,Mittlere Klassenstufe: 8.64 Std: 5.110399999999998
Schueler 2136189(1) Wahl , Klasse:  5
Schueler -2095341728(1) Wahl , Klasse:  6
Schueler -564237138(1) Wahl , Klasse:  9
Schueler 1364290482(1) Wahl , Klasse:  6
Schueler -2054852874(1) Wahl , Klasse:  9
Schueler 1235313753(1) Wahl , Klasse:  7
Schueler -2083294506(1) Wahl , Klasse:  9
Schueler 2089904664(2) Wahl , Klasse:  8
Schueler 2553013(3) Wahl , Klasse:  11
Schueler 1618378810(3) Wahl , Klasse:  12
Schueler -1260507763(3) Wahl , Klasse:  12
Schueler 78722128(3) Wahl , Klasse:  11
Schueler 329885059(3) Wahl , Klasse:  7
Schueler -842720946(4) Wahl , Klasse:  10
Schueler 65100810(3) Wahl , Klasse:  8
Schueler -1789269472(4) Wahl , Klasse:  12
Schueler 464808897(4) Wahl , Klasse:  11
Schueler 74098471(4) Wahl , Klasse:  8
Schueler 2427783(5) Wahl , Klasse:  10
Schueler 2785646(3) Wahl , Klasse:  5
Schueler 2066967(1) Wahl , Klasse:  6
Schueler 1809475049(1) Wahl , Klasse:  8
Schueler 67058597(1) Wahl , Klasse:  8
Schueler 747100382(3) Wahl , Klasse:  12
Schueler 70742097(4) Wahl , Klasse:  6

-------------------------------------------------------------
Projekt Nr. 5caf3579623ff Min. Teilnehmer: 5 Max.Teilnehmer: 10 Anzahl Teilnehmer: 5,Mittlere Klassenstufe: 9.8 Std: 0.5599999999999999
Schueler -1990268665(2) Wahl , Klasse:  9
Schueler 71462638(3) Wahl , Klasse:  10
Schueler 2284921(4) Wahl , Klasse:  11
Schueler 2035626(4) Wahl , Klasse:  10
Schueler -2018642279(5) Wahl , Klasse:  9

-------------------------------------------------------------
Projekt Nr. 5caf36d8bfd91 Min. Teilnehmer: 10 Max.Teilnehmer: 20 Anzahl Teilnehmer: 20,Mittlere Klassenstufe: 10.3 Std: 0.5099999999999999
Schueler 73316213(1) Wahl , Klasse:  10
Schueler -1531614970(1) Wahl , Klasse:  10
Schueler 2039661310(1) Wahl , Klasse:  10
Schueler 2052667033(1) Wahl , Klasse:  10
Schueler 74346429(1) Wahl , Klasse:  9
Schueler -1854660239(1) Wahl , Klasse:  10
Schueler 67057140(2) Wahl , Klasse:  11
Schueler 2132964720(1) Wahl , Klasse:  11
Schueler 1963659057(2) Wahl , Klasse:  10
Schueler 73607192(1) Wahl , Klasse:  9
Schueler 1057508164(1) Wahl , Klasse:  9
Schueler 673672625(2) Wahl , Klasse:  11
Schueler -2070403652(2) Wahl , Klasse:  11
Schueler 2100648646(2) Wahl , Klasse:  10
Schueler 80364497(2) Wahl , Klasse:  11
Schueler 81072754(3) Wahl , Klasse:  11
Schueler 79878335(2) Wahl , Klasse:  11
Schueler -2102460178(2) Wahl , Klasse:  11
Schueler -2090294288(3) Wahl , Klasse:  11
Schueler 335068527(2) Wahl , Klasse:  10

-------------------------------------------------------------
Projekt Nr. 5caf3886dd0a5 Min. Teilnehmer: 15 Max.Teilnehmer: 30 Anzahl Teilnehmer: 30,Mittlere Klassenstufe: 9.533333333333333 Std: 2.382222222222223
Schueler -1246952270(1) Wahl , Klasse:  10
Schueler -1993743225(1) Wahl , Klasse:  10
Schueler 74522454(2) Wahl , Klasse:  11
Schueler -392890061(1) Wahl , Klasse:  10
Schueler 2043061483(1) Wahl , Klasse:  10
Schueler -712511601(2) Wahl , Klasse:  7
Schueler -576110627(2) Wahl , Klasse:  11
Schueler -2018857529(2) Wahl , Klasse:  7
Schueler 86111157(2) Wahl , Klasse:  10
Schueler 2111569(1) Wahl , Klasse:  10
Schueler -1803644321(3) Wahl , Klasse:  11
Schueler 79133562(1) Wahl , Klasse:  11
Schueler 1978028853(1) Wahl , Klasse:  11
Schueler -1975673952(1) Wahl , Klasse:  11
Schueler 309770439(1) Wahl , Klasse:  7
Schueler 2575840(1) Wahl , Klasse:  7
Schueler -1851081548(2) Wahl , Klasse:  11
Schueler -1933396370(2) Wahl , Klasse:  8
Schueler 76987430(3) Wahl , Klasse:  10
Schueler 2374298(3) Wahl , Klasse:  7
Schueler 78727380(1) Wahl , Klasse:  10
Schueler 2578847(2) Wahl , Klasse:  9
Schueler -1689097930(2) Wahl , Klasse:  11
Schueler 72261451(3) Wahl , Klasse:  11
Schueler 947981908(2) Wahl , Klasse:  8
Schueler 69496552(3) Wahl , Klasse:  11
Schueler 2132673010(1) Wahl , Klasse:  7
Schueler -1819365830(2) Wahl , Klasse:  8
Schueler -1790026831(2) Wahl , Klasse:  11
Schueler 63405526(3) Wahl , Klasse:  10

-------------------------------------------------------------
Projekt Nr. 5caf39505cfd8 Min. Teilnehmer: 8 Max.Teilnehmer: 16 Anzahl Teilnehmer: 16,Mittlere Klassenstufe: 9.6875 Std: 1.08984375
Schueler -43878452(1) Wahl , Klasse:  8
Schueler 63416053(1) Wahl , Klasse:  9
Schueler -402939622(2) Wahl , Klasse:  10
Schueler 65203637(1) Wahl , Klasse:  11
Schueler 63591531(1) Wahl , Klasse:  10
Schueler -1911334251(2) Wahl , Klasse:  10
Schueler 2015810500(1) Wahl , Klasse:  10
Schueler -4524066(2) Wahl , Klasse:  11
Schueler -1703929960(2) Wahl , Klasse:  11
Schueler 2021612928(1) Wahl , Klasse:  8
Schueler 2044774945(2) Wahl , Klasse:  10
Schueler -2065036715(2) Wahl , Klasse:  9
Schueler 2136098(1) Wahl , Klasse:  9
Schueler 2380018(1) Wahl , Klasse:  10
Schueler 2050251(2) Wahl , Klasse:  11
Schueler -1282443245(2) Wahl , Klasse:  8

Anzahl Schueler ohne Projekt: 0
Schueler die die 1 te Wahl bekommen haben: 499/859(58.09)
Schueler die die 2 te Wahl bekommen haben: 209/859(24.33)
Schueler die die 3 te Wahl bekommen haben: 110/859(12.81)
Schueler die die 4 te Wahl bekommen haben: 35/859(4.07)
Schueler die die 5 te Wahl bekommen haben: 6/859(0.7)
Schueler die keine ihrer Wahlen bekommen haben: 0/859(0.0)
Schueler die ein Projekt haben welches nicht stattfindet: 0
Score: 1060.0(1.2339930151338765)
Anzahl der Projekte die stattfinden: 39 /39
Std: 79.93432371946427 (2.0495980440888277)
